build/app/intermediates/manifest_merge_blame_file/debug/processDebugMainManifest/manifest-merger-blame-debug-report.txt
1<?xml version="1.0" encoding="utf-8"?>
2<manifest xmlns:android="http://schemas.android.com/apk/res/android"
3    package="com.innovativescripts.sandesh"
4    android:versionCode="1"
5    android:versionName="1.0.0" >
6
7    <uses-sdk
8        android:minSdkVersion="23"
9        android:targetSdkVersion="35" />
10    <!--
11         The INTERNET permission is required for development. Specifically,
12         the Flutter tool needs it to communicate with the running application
13         to allow setting breakpoints, to provide hot reload, etc.
14    -->
15    <uses-permission android:name="android.permission.INTERNET" />
15-->src\main\AndroidManifest.xml:5:5-66
15-->src\main\AndroidManifest.xml:5:22-64
16    <uses-permission android:name="android.permission.READ_CONTACTS" />
16-->src\main\AndroidManifest.xml:2:2-68
16-->src\main\AndroidManifest.xml:2:19-66
17    <uses-permission android:name="android.permission.WRITE_CONTACTS" />
17-->src\main\AndroidManifest.xml:3:5-72
17-->src\main\AndroidManifest.xml:3:22-70
18    <uses-permission android:name="android.permission.GET_ACCOUNTS" />
18-->src\main\AndroidManifest.xml:4:5-70
18-->src\main\AndroidManifest.xml:4:22-68
19    <!--
20 Required to query activities that can process text, see:
21         https://developer.android.com/training/package-visibility and
22         https://developer.android.com/reference/android/content/Intent#ACTION_PROCESS_TEXT.
23
24         In particular, this is used by the Flutter engine in io.flutter.plugin.text.ProcessTextPlugin.
25    -->
26    <queries>
26-->src\main\AndroidManifest.xml:43:5-48:15
27        <intent>
27-->src\main\AndroidManifest.xml:44:9-47:18
28            <action android:name="android.intent.action.PROCESS_TEXT" />
28-->src\main\AndroidManifest.xml:45:13-72
28-->src\main\AndroidManifest.xml:45:21-70
29
30            <data android:mimeType="text/plain" />
30-->src\main\AndroidManifest.xml:46:13-50
30-->src\main\AndroidManifest.xml:46:19-48
31        </intent>
32        <intent>
32-->[:file_picker] AndroidManifest.xml:8:9-12:18
33            <action android:name="android.intent.action.GET_CONTENT" />
33-->[:file_picker] AndroidManifest.xml:9:13-72
33-->[:file_picker] AndroidManifest.xml:9:21-69
34
35            <data android:mimeType="*/*" />
35-->src\main\AndroidManifest.xml:46:13-50
35-->src\main\AndroidManifest.xml:46:19-48
36        </intent>
37    </queries>
38
39    <uses-permission android:name="android.permission.WAKE_LOCK" />
39-->[:firebase_messaging] AndroidManifest.xml:8:5-68
39-->[:firebase_messaging] AndroidManifest.xml:8:22-65
40    <uses-permission android:name="android.permission.ACCESS_NETWORK_STATE" /> <!-- Permissions options for the `notification` group -->
40-->[:firebase_messaging] AndroidManifest.xml:9:5-79
40-->[:firebase_messaging] AndroidManifest.xml:9:22-76
41    <uses-permission android:name="android.permission.POST_NOTIFICATIONS" /> <!-- Required by older versions of Google Play services to create IID tokens -->
41-->[:firebase_messaging] AndroidManifest.xml:11:5-77
41-->[:firebase_messaging] AndroidManifest.xml:11:22-74
42    <uses-permission android:name="com.google.android.c2dm.permission.RECEIVE" />
42-->[com.google.firebase:firebase-messaging:24.1.1] AndroidManifest.xml:26:5-82
42-->[com.google.firebase:firebase-messaging:24.1.1] AndroidManifest.xml:26:22-79
43    <uses-permission android:name="com.google.android.providers.gsf.permission.READ_GSERVICES" />
43-->[com.google.android.recaptcha:recaptcha:18.6.1] AndroidManifest.xml:9:5-98
43-->[com.google.android.recaptcha:recaptcha:18.6.1] AndroidManifest.xml:9:22-95
44
45    <permission
45-->[androidx.core:core:1.16.0] AndroidManifest.xml:22:5-24:47
46        android:name="com.innovativescripts.sandesh.DYNAMIC_RECEIVER_NOT_EXPORTED_PERMISSION"
46-->[androidx.core:core:1.16.0] AndroidManifest.xml:23:9-81
47        android:protectionLevel="signature" />
47-->[androidx.core:core:1.16.0] AndroidManifest.xml:24:9-44
48
49    <uses-permission android:name="com.innovativescripts.sandesh.DYNAMIC_RECEIVER_NOT_EXPORTED_PERMISSION" />
49-->[androidx.core:core:1.16.0] AndroidManifest.xml:26:5-97
49-->[androidx.core:core:1.16.0] AndroidManifest.xml:26:22-94
50
51    <application
52        android:name="android.app.Application"
53        android:appComponentFactory="androidx.core.app.CoreComponentFactory"
53-->[androidx.core:core:1.16.0] AndroidManifest.xml:28:18-86
54        android:debuggable="true"
55        android:extractNativeLibs="false"
56        android:icon="@mipmap/ic_launcher"
57        android:label="Sandesh" >
58        <activity
59            android:name="com.innovativescripts.sandesh.MainActivity"
60            android:configChanges="orientation|keyboardHidden|keyboard|screenSize|smallestScreenSize|locale|layoutDirection|fontScale|screenLayout|density|uiMode"
61            android:exported="true"
62            android:hardwareAccelerated="true"
63            android:launchMode="singleTop"
64            android:taskAffinity=""
65            android:theme="@style/LaunchTheme"
66            android:windowSoftInputMode="adjustResize" >
67
68            <!--
69                 Specifies an Android theme to apply to this Activity as soon as
70                 the Android process has started. This theme is visible to the user
71                 while the Flutter UI initializes. After that, this theme continues
72                 to determine the Window background behind the Flutter UI.
73            -->
74            <meta-data
75                android:name="io.flutter.embedding.android.NormalTheme"
76                android:resource="@style/NormalTheme" />
77
78            <intent-filter>
79                <action android:name="android.intent.action.MAIN" />
80
81                <category android:name="android.intent.category.LAUNCHER" />
82            </intent-filter>
83        </activity>
84        <!--
85             Don't delete the meta-data below.
86             This is used by the Flutter tool to generate GeneratedPluginRegistrant.java
87        -->
88        <meta-data
89            android:name="flutterEmbedding"
90            android:value="2" />
91
92        <service
92-->[:geolocator_android] AndroidManifest.xml:8:9-12:56
93            android:name="com.baseflow.geolocator.GeolocatorLocationService"
93-->[:geolocator_android] AndroidManifest.xml:9:13-77
94            android:enabled="true"
94-->[:geolocator_android] AndroidManifest.xml:10:13-35
95            android:exported="false"
95-->[:geolocator_android] AndroidManifest.xml:11:13-37
96            android:foregroundServiceType="location" />
96-->[:geolocator_android] AndroidManifest.xml:12:13-53
97        <service
97-->[:cloud_firestore] AndroidManifest.xml:8:9-12:19
98            android:name="com.google.firebase.components.ComponentDiscoveryService"
98-->[:cloud_firestore] AndroidManifest.xml:8:18-89
99            android:directBootAware="true"
99-->[com.google.firebase:firebase-common:21.0.0] AndroidManifest.xml:32:13-43
100            android:exported="false" >
100-->[com.google.firebase:firebase-auth:23.2.0] AndroidManifest.xml:68:13-37
101            <meta-data
101-->[:cloud_firestore] AndroidManifest.xml:9:13-11:85
102                android:name="com.google.firebase.components:io.flutter.plugins.firebase.firestore.FlutterFirebaseFirestoreRegistrar"
102-->[:cloud_firestore] AndroidManifest.xml:10:17-134
103                android:value="com.google.firebase.components.ComponentRegistrar" />
103-->[:cloud_firestore] AndroidManifest.xml:11:17-82
104            <meta-data
104-->[:firebase_auth] AndroidManifest.xml:9:13-11:85
105                android:name="com.google.firebase.components:io.flutter.plugins.firebase.auth.FlutterFirebaseAuthRegistrar"
105-->[:firebase_auth] AndroidManifest.xml:10:17-124
106                android:value="com.google.firebase.components.ComponentRegistrar" />
106-->[:firebase_auth] AndroidManifest.xml:11:17-82
107            <meta-data
107-->[:firebase_database] AndroidManifest.xml:9:13-11:85
108                android:name="com.google.firebase.components:io.flutter.plugins.firebase.database.FlutterFirebaseAppRegistrar"
108-->[:firebase_database] AndroidManifest.xml:10:17-127
109                android:value="com.google.firebase.components.ComponentRegistrar" />
109-->[:firebase_database] AndroidManifest.xml:11:17-82
110            <meta-data
110-->[:firebase_messaging] AndroidManifest.xml:36:13-38:85
111                android:name="com.google.firebase.components:io.flutter.plugins.firebase.messaging.FlutterFirebaseAppRegistrar"
111-->[:firebase_messaging] AndroidManifest.xml:37:17-128
112                android:value="com.google.firebase.components.ComponentRegistrar" />
112-->[:firebase_messaging] AndroidManifest.xml:38:17-82
113            <meta-data
113-->[:firebase_storage] AndroidManifest.xml:9:13-11:85
114                android:name="com.google.firebase.components:io.flutter.plugins.firebase.storage.FlutterFirebaseAppRegistrar"
114-->[:firebase_storage] AndroidManifest.xml:10:17-126
115                android:value="com.google.firebase.components.ComponentRegistrar" />
115-->[:firebase_storage] AndroidManifest.xml:11:17-82
116            <meta-data
116-->[:firebase_core] AndroidManifest.xml:9:13-11:85
117                android:name="com.google.firebase.components:io.flutter.plugins.firebase.core.FlutterFirebaseCoreRegistrar"
117-->[:firebase_core] AndroidManifest.xml:10:17-124
118                android:value="com.google.firebase.components.ComponentRegistrar" />
118-->[:firebase_core] AndroidManifest.xml:11:17-82
119            <meta-data
119-->[com.google.firebase:firebase-auth:23.2.0] AndroidManifest.xml:69:13-71:85
120                android:name="com.google.firebase.components:com.google.firebase.auth.FirebaseAuthRegistrar"
120-->[com.google.firebase:firebase-auth:23.2.0] AndroidManifest.xml:70:17-109
121                android:value="com.google.firebase.components.ComponentRegistrar" />
121-->[com.google.firebase:firebase-auth:23.2.0] AndroidManifest.xml:71:17-82
122            <meta-data
122-->[com.google.firebase:firebase-database:21.0.0] AndroidManifest.xml:29:13-31:85
123                android:name="com.google.firebase.components:com.google.firebase.database.FirebaseDatabaseKtxRegistrar"
123-->[com.google.firebase:firebase-database:21.0.0] AndroidManifest.xml:30:17-120
124                android:value="com.google.firebase.components.ComponentRegistrar" />
124-->[com.google.firebase:firebase-database:21.0.0] AndroidManifest.xml:31:17-82
125            <meta-data
125-->[com.google.firebase:firebase-database:21.0.0] AndroidManifest.xml:32:13-34:85
126                android:name="com.google.firebase.components:com.google.firebase.database.DatabaseRegistrar"
126-->[com.google.firebase:firebase-database:21.0.0] AndroidManifest.xml:33:17-109
127                android:value="com.google.firebase.components.ComponentRegistrar" />
127-->[com.google.firebase:firebase-database:21.0.0] AndroidManifest.xml:34:17-82
128            <meta-data
128-->[com.google.firebase:firebase-firestore:25.1.3] AndroidManifest.xml:17:13-19:85
129                android:name="com.google.firebase.components:com.google.firebase.firestore.FirebaseFirestoreKtxRegistrar"
129-->[com.google.firebase:firebase-firestore:25.1.3] AndroidManifest.xml:18:17-122
130                android:value="com.google.firebase.components.ComponentRegistrar" />
130-->[com.google.firebase:firebase-firestore:25.1.3] AndroidManifest.xml:19:17-82
131            <meta-data
131-->[com.google.firebase:firebase-firestore:25.1.3] AndroidManifest.xml:20:13-22:85
132                android:name="com.google.firebase.components:com.google.firebase.firestore.FirestoreRegistrar"
132-->[com.google.firebase:firebase-firestore:25.1.3] AndroidManifest.xml:21:17-111
133                android:value="com.google.firebase.components.ComponentRegistrar" />
133-->[com.google.firebase:firebase-firestore:25.1.3] AndroidManifest.xml:22:17-82
134            <meta-data
134-->[com.google.firebase:firebase-messaging:24.1.1] AndroidManifest.xml:57:13-59:85
135                android:name="com.google.firebase.components:com.google.firebase.messaging.FirebaseMessagingKtxRegistrar"
135-->[com.google.firebase:firebase-messaging:24.1.1] AndroidManifest.xml:58:17-122
136                android:value="com.google.firebase.components.ComponentRegistrar" />
136-->[com.google.firebase:firebase-messaging:24.1.1] AndroidManifest.xml:59:17-82
137            <meta-data
137-->[com.google.firebase:firebase-messaging:24.1.1] AndroidManifest.xml:60:13-62:85
138                android:name="com.google.firebase.components:com.google.firebase.messaging.FirebaseMessagingRegistrar"
138-->[com.google.firebase:firebase-messaging:24.1.1] AndroidManifest.xml:61:17-119
139                android:value="com.google.firebase.components.ComponentRegistrar" />
139-->[com.google.firebase:firebase-messaging:24.1.1] AndroidManifest.xml:62:17-82
140            <meta-data
140-->[com.google.firebase:firebase-storage:21.0.1] AndroidManifest.xml:30:13-32:85
141                android:name="com.google.firebase.components:com.google.firebase.storage.FirebaseStorageKtxRegistrar"
141-->[com.google.firebase:firebase-storage:21.0.1] AndroidManifest.xml:31:17-118
142                android:value="com.google.firebase.components.ComponentRegistrar" />
142-->[com.google.firebase:firebase-storage:21.0.1] AndroidManifest.xml:32:17-82
143            <meta-data
143-->[com.google.firebase:firebase-storage:21.0.1] AndroidManifest.xml:33:13-35:85
144                android:name="com.google.firebase.components:com.google.firebase.storage.StorageRegistrar"
144-->[com.google.firebase:firebase-storage:21.0.1] AndroidManifest.xml:34:17-107
145                android:value="com.google.firebase.components.ComponentRegistrar" />
145-->[com.google.firebase:firebase-storage:21.0.1] AndroidManifest.xml:35:17-82
146            <meta-data
146-->[com.google.firebase:firebase-appcheck:18.0.0] AndroidManifest.xml:25:13-27:85
147                android:name="com.google.firebase.components:com.google.firebase.appcheck.FirebaseAppCheckKtxRegistrar"
147-->[com.google.firebase:firebase-appcheck:18.0.0] AndroidManifest.xml:26:17-120
148                android:value="com.google.firebase.components.ComponentRegistrar" />
148-->[com.google.firebase:firebase-appcheck:18.0.0] AndroidManifest.xml:27:17-82
149            <meta-data
149-->[com.google.firebase:firebase-appcheck:18.0.0] AndroidManifest.xml:28:13-30:85
150                android:name="com.google.firebase.components:com.google.firebase.appcheck.FirebaseAppCheckRegistrar"
150-->[com.google.firebase:firebase-appcheck:18.0.0] AndroidManifest.xml:29:17-117
151                android:value="com.google.firebase.components.ComponentRegistrar" />
151-->[com.google.firebase:firebase-appcheck:18.0.0] AndroidManifest.xml:30:17-82
152            <meta-data
152-->[com.google.firebase:firebase-installations:18.0.0] AndroidManifest.xml:15:13-17:85
153                android:name="com.google.firebase.components:com.google.firebase.installations.FirebaseInstallationsKtxRegistrar"
153-->[com.google.firebase:firebase-installations:18.0.0] AndroidManifest.xml:16:17-130
154                android:value="com.google.firebase.components.ComponentRegistrar" />
154-->[com.google.firebase:firebase-installations:18.0.0] AndroidManifest.xml:17:17-82
155            <meta-data
155-->[com.google.firebase:firebase-installations:18.0.0] AndroidManifest.xml:18:13-20:85
156                android:name="com.google.firebase.components:com.google.firebase.installations.FirebaseInstallationsRegistrar"
156-->[com.google.firebase:firebase-installations:18.0.0] AndroidManifest.xml:19:17-127
157                android:value="com.google.firebase.components.ComponentRegistrar" />
157-->[com.google.firebase:firebase-installations:18.0.0] AndroidManifest.xml:20:17-82
158            <meta-data
158-->[com.google.firebase:firebase-common-ktx:21.0.0] AndroidManifest.xml:12:13-14:85
159                android:name="com.google.firebase.components:com.google.firebase.ktx.FirebaseCommonLegacyRegistrar"
159-->[com.google.firebase:firebase-common-ktx:21.0.0] AndroidManifest.xml:13:17-116
160                android:value="com.google.firebase.components.ComponentRegistrar" />
160-->[com.google.firebase:firebase-common-ktx:21.0.0] AndroidManifest.xml:14:17-82
161            <meta-data
161-->[com.google.firebase:firebase-common:21.0.0] AndroidManifest.xml:35:13-37:85
162                android:name="com.google.firebase.components:com.google.firebase.FirebaseCommonKtxRegistrar"
162-->[com.google.firebase:firebase-common:21.0.0] AndroidManifest.xml:36:17-109
163                android:value="com.google.firebase.components.ComponentRegistrar" />
163-->[com.google.firebase:firebase-common:21.0.0] AndroidManifest.xml:37:17-82
164            <meta-data
164-->[com.google.firebase:firebase-datatransport:18.2.0] AndroidManifest.xml:25:13-27:85
165                android:name="com.google.firebase.components:com.google.firebase.datatransport.TransportRegistrar"
165-->[com.google.firebase:firebase-datatransport:18.2.0] AndroidManifest.xml:26:17-115
166                android:value="com.google.firebase.components.ComponentRegistrar" />
166-->[com.google.firebase:firebase-datatransport:18.2.0] AndroidManifest.xml:27:17-82
167        </service>
168        <service
168-->[:firebase_messaging] AndroidManifest.xml:14:9-17:72
169            android:name="io.flutter.plugins.firebase.messaging.FlutterFirebaseMessagingBackgroundService"
169-->[:firebase_messaging] AndroidManifest.xml:15:13-107
170            android:exported="false"
170-->[:firebase_messaging] AndroidManifest.xml:16:13-37
171            android:permission="android.permission.BIND_JOB_SERVICE" />
171-->[:firebase_messaging] AndroidManifest.xml:17:13-69
172        <service
172-->[:firebase_messaging] AndroidManifest.xml:18:9-24:19
173            android:name="io.flutter.plugins.firebase.messaging.FlutterFirebaseMessagingService"
173-->[:firebase_messaging] AndroidManifest.xml:19:13-97
174            android:exported="false" >
174-->[:firebase_messaging] AndroidManifest.xml:20:13-37
175            <intent-filter>
175-->[:firebase_messaging] AndroidManifest.xml:21:13-23:29
176                <action android:name="com.google.firebase.MESSAGING_EVENT" />
176-->[:firebase_messaging] AndroidManifest.xml:22:17-78
176-->[:firebase_messaging] AndroidManifest.xml:22:25-75
177            </intent-filter>
178        </service>
179
180        <receiver
180-->[:firebase_messaging] AndroidManifest.xml:26:9-33:20
181            android:name="io.flutter.plugins.firebase.messaging.FlutterFirebaseMessagingReceiver"
181-->[:firebase_messaging] AndroidManifest.xml:27:13-98
182            android:exported="true"
182-->[:firebase_messaging] AndroidManifest.xml:28:13-36
183            android:permission="com.google.android.c2dm.permission.SEND" >
183-->[:firebase_messaging] AndroidManifest.xml:29:13-73
184            <intent-filter>
184-->[:firebase_messaging] AndroidManifest.xml:30:13-32:29
185                <action android:name="com.google.android.c2dm.intent.RECEIVE" />
185-->[:firebase_messaging] AndroidManifest.xml:31:17-81
185-->[:firebase_messaging] AndroidManifest.xml:31:25-78
186            </intent-filter>
187        </receiver>
188
189        <provider
189-->[:firebase_messaging] AndroidManifest.xml:41:9-45:38
190            android:name="io.flutter.plugins.firebase.messaging.FlutterFirebaseMessagingInitProvider"
190-->[:firebase_messaging] AndroidManifest.xml:42:13-102
191            android:authorities="com.innovativescripts.sandesh.flutterfirebasemessaginginitprovider"
191-->[:firebase_messaging] AndroidManifest.xml:43:13-88
192            android:exported="false"
192-->[:firebase_messaging] AndroidManifest.xml:44:13-37
193            android:initOrder="99" />
193-->[:firebase_messaging] AndroidManifest.xml:45:13-35
194        <provider
194-->[:image_picker_android] AndroidManifest.xml:9:9-17:20
195            android:name="io.flutter.plugins.imagepicker.ImagePickerFileProvider"
195-->[:image_picker_android] AndroidManifest.xml:10:13-82
196            android:authorities="com.innovativescripts.sandesh.flutter.image_provider"
196-->[:image_picker_android] AndroidManifest.xml:11:13-74
197            android:exported="false"
197-->[:image_picker_android] AndroidManifest.xml:12:13-37
198            android:grantUriPermissions="true" >
198-->[:image_picker_android] AndroidManifest.xml:13:13-47
199            <meta-data
199-->[:image_picker_android] AndroidManifest.xml:14:13-16:75
200                android:name="android.support.FILE_PROVIDER_PATHS"
200-->[:image_picker_android] AndroidManifest.xml:15:17-67
201                android:resource="@xml/flutter_image_picker_file_paths" />
201-->[:image_picker_android] AndroidManifest.xml:16:17-72
202        </provider> <!-- Trigger Google Play services to install the backported photo picker module. -->
203        <service
203-->[:image_picker_android] AndroidManifest.xml:19:9-31:19
204            android:name="com.google.android.gms.metadata.ModuleDependencies"
204-->[:image_picker_android] AndroidManifest.xml:20:13-78
205            android:enabled="false"
205-->[:image_picker_android] AndroidManifest.xml:21:13-36
206            android:exported="false" >
206-->[:image_picker_android] AndroidManifest.xml:22:13-37
207            <intent-filter>
207-->[:image_picker_android] AndroidManifest.xml:24:13-26:29
208                <action android:name="com.google.android.gms.metadata.MODULE_DEPENDENCIES" />
208-->[:image_picker_android] AndroidManifest.xml:25:17-94
208-->[:image_picker_android] AndroidManifest.xml:25:25-91
209            </intent-filter>
210
211            <meta-data
211-->[:image_picker_android] AndroidManifest.xml:28:13-30:36
212                android:name="photopicker_activity:0:required"
212-->[:image_picker_android] AndroidManifest.xml:29:17-63
213                android:value="" />
213-->[:image_picker_android] AndroidManifest.xml:30:17-33
214        </service>
215
216        <activity
216-->[:url_launcher_android] AndroidManifest.xml:8:9-11:74
217            android:name="io.flutter.plugins.urllauncher.WebViewActivity"
217-->[:url_launcher_android] AndroidManifest.xml:9:13-74
218            android:exported="false"
218-->[:url_launcher_android] AndroidManifest.xml:10:13-37
219            android:theme="@android:style/Theme.NoTitleBar.Fullscreen" />
219-->[:url_launcher_android] AndroidManifest.xml:11:13-71
220        <activity
220-->[com.google.firebase:firebase-auth:23.2.0] AndroidManifest.xml:29:9-46:20
221            android:name="com.google.firebase.auth.internal.GenericIdpActivity"
221-->[com.google.firebase:firebase-auth:23.2.0] AndroidManifest.xml:30:13-80
222            android:excludeFromRecents="true"
222-->[com.google.firebase:firebase-auth:23.2.0] AndroidManifest.xml:31:13-46
223            android:exported="true"
223-->[com.google.firebase:firebase-auth:23.2.0] AndroidManifest.xml:32:13-36
224            android:launchMode="singleTask"
224-->[com.google.firebase:firebase-auth:23.2.0] AndroidManifest.xml:33:13-44
225            android:theme="@android:style/Theme.Translucent.NoTitleBar" >
225-->[com.google.firebase:firebase-auth:23.2.0] AndroidManifest.xml:34:13-72
226            <intent-filter>
226-->[com.google.firebase:firebase-auth:23.2.0] AndroidManifest.xml:35:13-45:29
227                <action android:name="android.intent.action.VIEW" />
227-->[com.google.firebase:firebase-auth:23.2.0] AndroidManifest.xml:36:17-69
227-->[com.google.firebase:firebase-auth:23.2.0] AndroidManifest.xml:36:25-66
228
229                <category android:name="android.intent.category.DEFAULT" />
229-->[com.google.firebase:firebase-auth:23.2.0] AndroidManifest.xml:38:17-76
229-->[com.google.firebase:firebase-auth:23.2.0] AndroidManifest.xml:38:27-73
230                <category android:name="android.intent.category.BROWSABLE" />
230-->[com.google.firebase:firebase-auth:23.2.0] AndroidManifest.xml:39:17-78
230-->[com.google.firebase:firebase-auth:23.2.0] AndroidManifest.xml:39:27-75
231
232                <data
232-->src\main\AndroidManifest.xml:46:13-50
233                    android:host="firebase.auth"
234                    android:path="/"
235                    android:scheme="genericidp" />
236            </intent-filter>
237        </activity>
238        <activity
238-->[com.google.firebase:firebase-auth:23.2.0] AndroidManifest.xml:47:9-64:20
239            android:name="com.google.firebase.auth.internal.RecaptchaActivity"
239-->[com.google.firebase:firebase-auth:23.2.0] AndroidManifest.xml:48:13-79
240            android:excludeFromRecents="true"
240-->[com.google.firebase:firebase-auth:23.2.0] AndroidManifest.xml:49:13-46
241            android:exported="true"
241-->[com.google.firebase:firebase-auth:23.2.0] AndroidManifest.xml:50:13-36
242            android:launchMode="singleTask"
242-->[com.google.firebase:firebase-auth:23.2.0] AndroidManifest.xml:51:13-44
243            android:theme="@android:style/Theme.Translucent.NoTitleBar" >
243-->[com.google.firebase:firebase-auth:23.2.0] AndroidManifest.xml:52:13-72
244            <intent-filter>
244-->[com.google.firebase:firebase-auth:23.2.0] AndroidManifest.xml:53:13-63:29
245                <action android:name="android.intent.action.VIEW" />
245-->[com.google.firebase:firebase-auth:23.2.0] AndroidManifest.xml:36:17-69
245-->[com.google.firebase:firebase-auth:23.2.0] AndroidManifest.xml:36:25-66
246
247                <category android:name="android.intent.category.DEFAULT" />
247-->[com.google.firebase:firebase-auth:23.2.0] AndroidManifest.xml:38:17-76
247-->[com.google.firebase:firebase-auth:23.2.0] AndroidManifest.xml:38:27-73
248                <category android:name="android.intent.category.BROWSABLE" />
248-->[com.google.firebase:firebase-auth:23.2.0] AndroidManifest.xml:39:17-78
248-->[com.google.firebase:firebase-auth:23.2.0] AndroidManifest.xml:39:27-75
249
250                <data
250-->src\main\AndroidManifest.xml:46:13-50
251                    android:host="firebase.auth"
252                    android:path="/"
253                    android:scheme="recaptcha" />
254            </intent-filter>
255        </activity>
256
257        <receiver
257-->[com.google.firebase:firebase-messaging:24.1.1] AndroidManifest.xml:29:9-40:20
258            android:name="com.google.firebase.iid.FirebaseInstanceIdReceiver"
258-->[com.google.firebase:firebase-messaging:24.1.1] AndroidManifest.xml:30:13-78
259            android:exported="true"
259-->[com.google.firebase:firebase-messaging:24.1.1] AndroidManifest.xml:31:13-36
260            android:permission="com.google.android.c2dm.permission.SEND" >
260-->[com.google.firebase:firebase-messaging:24.1.1] AndroidManifest.xml:32:13-73
261            <intent-filter>
261-->[:firebase_messaging] AndroidManifest.xml:30:13-32:29
262                <action android:name="com.google.android.c2dm.intent.RECEIVE" />
262-->[:firebase_messaging] AndroidManifest.xml:31:17-81
262-->[:firebase_messaging] AndroidManifest.xml:31:25-78
263            </intent-filter>
264
265            <meta-data
265-->[com.google.firebase:firebase-messaging:24.1.1] AndroidManifest.xml:37:13-39:40
266                android:name="com.google.android.gms.cloudmessaging.FINISHED_AFTER_HANDLED"
266-->[com.google.firebase:firebase-messaging:24.1.1] AndroidManifest.xml:38:17-92
267                android:value="true" />
267-->[com.google.firebase:firebase-messaging:24.1.1] AndroidManifest.xml:39:17-37
268        </receiver>
269        <!--
270             FirebaseMessagingService performs security checks at runtime,
271             but set to not exported to explicitly avoid allowing another app to call it.
272        -->
273        <service
273-->[com.google.firebase:firebase-messaging:24.1.1] AndroidManifest.xml:46:9-53:19
274            android:name="com.google.firebase.messaging.FirebaseMessagingService"
274-->[com.google.firebase:firebase-messaging:24.1.1] AndroidManifest.xml:47:13-82
275            android:directBootAware="true"
275-->[com.google.firebase:firebase-messaging:24.1.1] AndroidManifest.xml:48:13-43
276            android:exported="false" >
276-->[com.google.firebase:firebase-messaging:24.1.1] AndroidManifest.xml:49:13-37
277            <intent-filter android:priority="-500" >
277-->[:firebase_messaging] AndroidManifest.xml:21:13-23:29
278                <action android:name="com.google.firebase.MESSAGING_EVENT" />
278-->[:firebase_messaging] AndroidManifest.xml:22:17-78
278-->[:firebase_messaging] AndroidManifest.xml:22:25-75
279            </intent-filter>
280        </service>
281        <service
281-->[androidx.credentials:credentials-play-services-auth:1.2.0-rc01] AndroidManifest.xml:24:9-32:19
282            android:name="androidx.credentials.playservices.CredentialProviderMetadataHolder"
282-->[androidx.credentials:credentials-play-services-auth:1.2.0-rc01] AndroidManifest.xml:25:13-94
283            android:enabled="true"
283-->[androidx.credentials:credentials-play-services-auth:1.2.0-rc01] AndroidManifest.xml:26:13-35
284            android:exported="false" >
284-->[androidx.credentials:credentials-play-services-auth:1.2.0-rc01] AndroidManifest.xml:27:13-37
285            <meta-data
285-->[androidx.credentials:credentials-play-services-auth:1.2.0-rc01] AndroidManifest.xml:29:13-31:104
286                android:name="androidx.credentials.CREDENTIAL_PROVIDER_KEY"
286-->[androidx.credentials:credentials-play-services-auth:1.2.0-rc01] AndroidManifest.xml:30:17-76
287                android:value="androidx.credentials.playservices.CredentialProviderPlayServicesImpl" />
287-->[androidx.credentials:credentials-play-services-auth:1.2.0-rc01] AndroidManifest.xml:31:17-101
288        </service>
289
290        <activity
290-->[androidx.credentials:credentials-play-services-auth:1.2.0-rc01] AndroidManifest.xml:34:9-41:20